<?xml version="1.0" encoding="UTF-8"?>
<!-- Generated by org.testng.reporters.JUnitReportReporter -->
<testsuite skipped="0" hostname="SLB-FDSCNC2" name="getRequest.GetTC002" tests="1" failures="0" timestamp="23 Dec 2019 05:07:30 GMT" time="2.155" errors="0">
  <testcase name="googleMap" time="2.155" classname="getRequest.GetTC002"/>
</testsuite> <!-- getRequest.GetTC002 -->
