<?xml version="1.0" encoding="UTF-8"?>
<!-- Generated by org.testng.reporters.JUnitReportReporter -->
<testsuite skipped="0" hostname="SLB-FDSCNC2" name="getRequest.GetTC001" tests="1" failures="0" timestamp="23 Dec 2019 05:05:11 GMT" time="2.797" errors="0">
  <testcase name="getStatus" time="2.797" classname="getRequest.GetTC001"/>
</testsuite> <!-- getRequest.GetTC001 -->
