<?xml version="1.0" encoding="UTF-8"?>
<!-- Generated by org.testng.reporters.JUnitReportReporter -->
<testsuite hostname="SLB-FDSCNC2" failures="0" tests="1" name="getRequest.TC001" time="1.725" errors="0" timestamp="24 Jul 2019 07:46:51 GMT" skipped="0">
  <testcase classname="getRequest.TC001" name="getWeatherDetails" time="1.725"/>
</testsuite> <!-- getRequest.TC001 -->
