<?xml version="1.0" encoding="UTF-8"?>
<!-- Generated by org.testng.reporters.JUnitReportReporter -->
<testsuite skipped="0" hostname="SLB-FDSCNC2" name="postRequest.PostTC001" tests="1" failures="0" timestamp="19 Feb 2020 06:06:17 GMT" time="3.053" errors="0">
  <testcase name="register" time="3.053" classname="postRequest.PostTC001"/>
</testsuite> <!-- postRequest.PostTC001 -->
